[0m22:03:03.924124 [debug] [MainThread]: Sending event: {'category': 'dbt', 'action': 'invocation', 'label': 'start', 'context': [<snowplow_tracker.self_describing_json.SelfDescribingJson object at 0x10632fd30>, <snowplow_tracker.self_describing_json.SelfDescribingJson object at 0x107dc9190>, <snowplow_tracker.self_describing_json.SelfDescribingJson object at 0x107dc9df0>]}


============================== 22:03:03.927400 | 423915f9-e0ed-4e89-ab66-213f57c7aea1 ==============================
[0m22:03:03.927400 [info ] [MainThread]: Running with dbt=1.8.5
[0m22:03:03.927792 [debug] [MainThread]: running dbt with arguments {'printer_width': '80', 'indirect_selection': 'eager', 'write_json': 'True', 'log_cache_events': 'False', 'partial_parse': 'True', 'cache_selected_only': 'False', 'profiles_dir': '/Users/chrischin/.dbt', 'version_check': 'True', 'debug': 'False', 'log_path': 'logs', 'fail_fast': 'False', 'warn_error': 'None', 'use_colors': 'True', 'use_experimental_parser': 'False', 'no_print': 'None', 'quiet': 'False', 'empty': 'None', 'log_format': 'default', 'invocation_command': 'dbt init', 'introspect': 'True', 'warn_error_options': 'WarnErrorOptions(include=[], exclude=[])', 'target_path': 'None', 'static_parser': 'True', 'send_anonymous_usage_stats': 'True'}
[0m22:03:03.935140 [warn ] [MainThread]: [ConfigFolderDirectory]: Unable to parse dict {'dir': PosixPath('/Users/chrischin/.dbt')}
[0m22:03:03.935436 [info ] [MainThread]: Creating dbt configuration folder at 
[0m22:03:16.707961 [debug] [MainThread]: Starter project path: /Users/chrischin/Documents/data/projects/data-engineering/data-pipeline/test1/dbt-env/lib/python3.9/site-packages/dbt/include/starter_project
[0m22:03:16.720397 [info ] [MainThread]: 
Your new dbt project "custom_postgres" was created!

For more information on how to configure the profiles.yml file,
please consult the dbt documentation here:

  https://docs.getdbt.com/docs/configure-your-profile

One more thing:

Need help? Don't hesitate to reach out to us via GitHub issues or on Slack:

  https://community.getdbt.com/

Happy modeling!

[0m22:03:16.721049 [info ] [MainThread]: Setting up your profile.
[0m22:07:05.514566 [info ] [MainThread]: Profile custom_postgres written to /Users/chrischin/.dbt/profiles.yml using target's profile_template.yml and your supplied values. Run 'dbt debug' to validate the connection.
[0m22:07:05.631662 [debug] [MainThread]: Resource report: {"command_name": "init", "command_success": true, "command_wall_clock_time": 241.7588, "process_user_time": 0.708391, "process_kernel_time": 0.127413, "process_mem_max_rss": "88588288", "process_in_blocks": "0", "process_out_blocks": "0"}
[0m22:07:05.634133 [debug] [MainThread]: Command `dbt init` succeeded at 22:07:05.633909 after 241.76 seconds
[0m22:07:05.635033 [debug] [MainThread]: Sending event: {'category': 'dbt', 'action': 'invocation', 'label': 'end', 'context': [<snowplow_tracker.self_describing_json.SelfDescribingJson object at 0x10632fd30>, <snowplow_tracker.self_describing_json.SelfDescribingJson object at 0x107c4e9a0>, <snowplow_tracker.self_describing_json.SelfDescribingJson object at 0x10815f460>]}
[0m22:07:05.635951 [debug] [MainThread]: Flushing usage events
